<?xml version="1.0" encoding="UTF-8"?>
<testng-results skipped="0" failed="0" ignored="0" total="1" passed="1">
  <reporter-output>
  </reporter-output>
  <suite name="Default suite" duration-ms="93907" started-at="2020-04-22T06:52:39Z" finished-at="2020-04-22T06:54:13Z">
    <groups>
    </groups>
    <test name="Default test" duration-ms="93907" started-at="2020-04-22T06:52:39Z" finished-at="2020-04-22T06:54:13Z">
      <class name="com.Actitime.test.CreateCustomer">
        <test-method status="PASS" signature="openbrowser()[pri:0, instance:com.Actitime.test.CreateCustomer@59f99ea]" name="openbrowser" is-config="true" duration-ms="6859" started-at="2020-04-22T06:52:39Z" finished-at="2020-04-22T06:52:46Z">
          <reporter-output>
          </reporter-output>
        </test-method> <!-- openbrowser -->
        <test-method status="PASS" signature="loginpage()[pri:0, instance:com.Actitime.test.CreateCustomer@59f99ea]" name="loginpage" is-config="true" duration-ms="45600" started-at="2020-04-22T06:52:46Z" finished-at="2020-04-22T06:53:31Z">
          <reporter-output>
          </reporter-output>
        </test-method> <!-- loginpage -->
        <test-method status="PASS" signature="testCreateCustomer()[pri:0, instance:com.Actitime.test.CreateCustomer@59f99ea]" name="testCreateCustomer" duration-ms="33998" started-at="2020-04-22T06:53:31Z" finished-at="2020-04-22T06:54:05Z">
          <reporter-output>
          </reporter-output>
        </test-method> <!-- testCreateCustomer -->
        <test-method status="PASS" signature="logout()[pri:0, instance:com.Actitime.test.CreateCustomer@59f99ea]" name="logout" is-config="true" duration-ms="3072" started-at="2020-04-22T06:54:05Z" finished-at="2020-04-22T06:54:08Z">
          <reporter-output>
          </reporter-output>
        </test-method> <!-- logout -->
        <test-method status="PASS" signature="closeBrowser()[pri:0, instance:com.Actitime.test.CreateCustomer@59f99ea]" name="closeBrowser" is-config="true" duration-ms="4360" started-at="2020-04-22T06:54:08Z" finished-at="2020-04-22T06:54:13Z">
          <reporter-output>
          </reporter-output>
        </test-method> <!-- closeBrowser -->
      </class> <!-- com.Actitime.test.CreateCustomer -->
    </test> <!-- Default test -->
  </suite> <!-- Default suite -->
</testng-results>
