<?xml version="1.0" encoding="UTF-8"?>
<testng-results skipped="0" failed="0" ignored="0" total="1" passed="1">
  <reporter-output>
    <line>
      <![CDATA[beforeclass]]>
    </line>
    <line>
      <![CDATA[createcustomer]]>
    </line>
    <line>
      <![CDATA[beforeclass]]>
    </line>
  </reporter-output>
  <suite name="Suite" duration-ms="66319" started-at="2020-05-24T05:36:48Z" finished-at="2020-05-24T05:37:54Z">
    <groups>
    </groups>
    <test name="Test" duration-ms="66319" started-at="2020-05-24T05:36:48Z" finished-at="2020-05-24T05:37:54Z">
      <class name="com.Actitime.test.Demo">
        <test-method status="PASS" signature="openbrowser()[pri:0, instance:com.Actitime.test.Demo@3ffc5af1]" name="openbrowser" is-config="true" duration-ms="36631" started-at="2020-05-24T05:36:48Z" finished-at="2020-05-24T05:37:25Z">
          <reporter-output>
          </reporter-output>
        </test-method> <!-- openbrowser -->
        <test-method status="PASS" signature="beforeclass()[pri:0, instance:com.Actitime.test.Demo@3ffc5af1]" name="beforeclass" is-config="true" duration-ms="0" started-at="2020-05-24T05:37:25Z" finished-at="2020-05-24T05:37:25Z">
          <reporter-output>
            <line>
              <![CDATA[beforeclass]]>
            </line>
          </reporter-output>
        </test-method> <!-- beforeclass -->
        <test-method status="PASS" signature="loginpage()[pri:0, instance:com.Actitime.test.Demo@3ffc5af1]" name="loginpage" is-config="true" duration-ms="22192" started-at="2020-05-24T05:37:25Z" finished-at="2020-05-24T05:37:47Z">
          <reporter-output>
          </reporter-output>
        </test-method> <!-- loginpage -->
        <test-method status="PASS" signature="createcustomer()[pri:0, instance:com.Actitime.test.Demo@3ffc5af1]" name="createcustomer" duration-ms="28" started-at="2020-05-24T05:37:47Z" finished-at="2020-05-24T05:37:47Z">
          <reporter-output>
            <line>
              <![CDATA[createcustomer]]>
            </line>
          </reporter-output>
        </test-method> <!-- createcustomer -->
        <test-method status="PASS" signature="logout()[pri:0, instance:com.Actitime.test.Demo@3ffc5af1]" name="logout" is-config="true" duration-ms="6353" started-at="2020-05-24T05:37:47Z" finished-at="2020-05-24T05:37:53Z">
          <reporter-output>
          </reporter-output>
        </test-method> <!-- logout -->
        <test-method status="PASS" signature="afterclass()[pri:0, instance:com.Actitime.test.Demo@3ffc5af1]" name="afterclass" is-config="true" duration-ms="0" started-at="2020-05-24T05:37:53Z" finished-at="2020-05-24T05:37:53Z">
          <reporter-output>
            <line>
              <![CDATA[beforeclass]]>
            </line>
          </reporter-output>
        </test-method> <!-- afterclass -->
        <test-method status="PASS" signature="closeBrowser()[pri:0, instance:com.Actitime.test.Demo@3ffc5af1]" name="closeBrowser" is-config="true" duration-ms="1025" started-at="2020-05-24T05:37:53Z" finished-at="2020-05-24T05:37:54Z">
          <reporter-output>
          </reporter-output>
        </test-method> <!-- closeBrowser -->
      </class> <!-- com.Actitime.test.Demo -->
    </test> <!-- Test -->
  </suite> <!-- Suite -->
</testng-results>
